{"name": "test_create_people_status_code", "status": "failed", "statusDetails": {"message": "AssertionError: HTTP status code 201 not matched\nassert 201 == 200\n +  where 201 = <Response [201]>.status_code", "trace": "create_poeople = <Response [201]>, start_stop = None\n\n    @pytest.mark.create_people_sanity\n    def test_create_people_status_code(create_poeople,start_stop):\n        response = create_poeople\n        logger.info(\"checking http status code for create people API response\")\n>       assert response.status_code == 200, \"HTTP status code 201 not matched\"\nE       AssertionError: HTTP status code 201 not matched\nE       assert 201 == 200\nE        +  where 201 = <Response [201]>.status_code\n\ntest_people_crud.py:99: AssertionError"}, "attachments": [{"name": "log", "source": "e7cdd35c-08ae-457c-9401-e769dcf30e1b-attachment.txt", "type": "text/plain"}], "start": 1714585479121, "stop": 1714585479122, "uuid": "425a8978-0db6-48a0-b473-c1f322d1e3ce", "historyId": "dbd5d2a6ef2bf6995679f527578e1d58", "testCaseId": "dbd5d2a6ef2bf6995679f527578e1d58", "fullName": "tests.test_people_crud#test_create_people_status_code", "labels": [{"name": "tag", "value": "create_people_sanity"}, {"name": "parentSuite", "value": "tests"}, {"name": "suite", "value": "test_people_crud"}, {"name": "host", "value": "sids-MacBook-Pro.local"}, {"name": "thread", "value": "79756-MainThread"}, {"name": "framework", "value": "pytest"}, {"name": "language", "value": "cpython3"}, {"name": "package", "value": "tests.test_people_crud"}]}